4 43 166 145 254 
4 197 219 293 37 
5 155 277 274 59 195 
2 17 141 
0 
0 
4 187 57 298 41 
5 23 113 24 266 130 
2 15 278 
4 157 210 272 96 
3 121 5 20 
2 193 169 
5 294 256 172 218 262 
6 78 83 31 27 144 201 
1 209 
2 60 109 
1 18 
2 132 289 
9 90 10 297 40 76 44 9 286 125 
2 204 244 
2 222 154 
0 
0 
3 86 257 171 
3 238 47 299 
2 291 224 
3 107 81 217 
3 92 174 194 
5 196 186 22 282 29 
4 25 70 156 13 
2 97 162 
3 251 199 129 
4 211 54 159 176 
4 120 75 117 21 
2 14 127 
4 178 111 229 143 
3 285 62 112 
2 175 233 
2 207 138 
8 66 38 268 226 189 8 34 139 
3 290 220 253 
2 106 200 
1 119 
2 126 115 
5 164 26 50 269 170 
4 227 203 160 94 
1 258 
4 39 63 273 288 
1 58 
1 124 
5 213 180 223 49 3 
3 147 215 235 
4 184 165 148 133 
2 140 71 
2 247 198 
3 263 225 270 
11 19 105 68 230 236 214 67 181 77 128 167 
1 53 
4 80 51 104 295 
2 135 241 
2 281 131 
3 240 93 46 
3 72 52 11 
2 182 95 
5 79 0 190 123 74 
1 89 
2 153 110 
2 4 283 
2 149 82 
2 114 173 
1 255 
2 276 158 
6 188 151 84 245 73 192 
4 292 100 216 228 
3 191 249 30 
4 185 237 69 264 
4 242 88 45 234 
5 265 202 136 271 232 
1 101 
2 1 275 
4 56 98 212 87 
1 36 
2 206 12 
3 280 208 122 
1 146 
5 42 243 99 239 161 
4 279 221 267 296 
4 142 48 163 65 
5 177 35 284 287 91 
2 28 205 
3 168 85 259 
2 108 137 
3 261 61 134 
3 231 246 152 
3 250 64 116 
7 32 102 55 7 103 150 260 
2 248 179 
1 2 
4 183 118 252 6 
2 33 16 
