58
58
47
58
41
47
58
54
54
54
55
53
33
46
51
55
42
55
54
50
54
46
58
49
44
47
39
58
58
51
42
58
58
49
49
33
51
58
48
51
40
40
47
54
54
44
58
33
44
51
50
58
35
50
48
36
54
51
58
49
42
51
50
58
42
35
54
33
50
55
41
54
58
58
50
44
40
33
55
44
54
58
48
47
36
53
51
51
36
47
50
39
42
58
42
40
44
53
50
53
50
50
31
50
36
40
50
43
38
36
41
31
37
42
45
41
36
41
38
43
38
42
50
39
47
31
38
50
50
40
36
50
50
41
41
37
46
50
40
40
33
44
40
38
36
47
50
37
47
46
43
50
45
43
40
48
38
45
50
41
46
45
43
50
36
45
36
37
43
41
36
36
50
50
43
47
44
37
41
33
36
50
40
31
48
31
40
40
48
31
43
38
46
50
36
33
47
31
43
31

Time elapsed: 4ms
